Copyright 1986-2018 Xilinx, Inc. All Rights Reserved.
--------------------------------------------------------------------------------------------------------------------------------------------------------------------
| Tool Version : Vivado v.2018.2 (lin64) Build 2258646 Thu Jun 14 20:02:38 MDT 2018
| Date         : Fri Dec  2 11:14:21 2022
| Host         : insa-11276 running 64-bit Ubuntu 20.04.5 LTS
| Command      : report_methodology -file Controller_methodology_drc_routed.rpt -pb Controller_methodology_drc_routed.pb -rpx Controller_methodology_drc_routed.rpx
| Design       : Controller
| Device       : xc7a35tcpg236-1
| Speed File   : -1
| Design State : Routed
--------------------------------------------------------------------------------------------------------------------------------------------------------------------

Report Methodology

Table of Contents
-----------------
1. REPORT SUMMARY
2. REPORT DETAILS

1. REPORT SUMMARY
-----------------
            Netlist: netlist
          Floorplan: design_1
      Design limits: <entire design considered>
             Max violations: <unlimited>
             Violations found: 113
+-----------+----------+-------------------------------+------------+
| Rule      | Severity | Description                   | Violations |
+-----------+----------+-------------------------------+------------+
| TIMING-17 | Warning  | Non-clocked sequential cell   | 65         |
| TIMING-18 | Warning  | Missing input or output delay | 48         |
+-----------+----------+-------------------------------+------------+

2. REPORT DETAILS
-----------------
TIMING-17#1 Warning
Non-clocked sequential cell  
The clock pin receive/crc/CRCCALC_reg[0]/C is not reached by a timing clock
Related violations: <none>

TIMING-17#2 Warning
Non-clocked sequential cell  
The clock pin receive/crc/CRCCALC_reg[10]/C is not reached by a timing clock
Related violations: <none>

TIMING-17#3 Warning
Non-clocked sequential cell  
The clock pin receive/crc/CRCCALC_reg[11]/C is not reached by a timing clock
Related violations: <none>

TIMING-17#4 Warning
Non-clocked sequential cell  
The clock pin receive/crc/CRCCALC_reg[12]/C is not reached by a timing clock
Related violations: <none>

TIMING-17#5 Warning
Non-clocked sequential cell  
The clock pin receive/crc/CRCCALC_reg[13]/C is not reached by a timing clock
Related violations: <none>

TIMING-17#6 Warning
Non-clocked sequential cell  
The clock pin receive/crc/CRCCALC_reg[14]/C is not reached by a timing clock
Related violations: <none>

TIMING-17#7 Warning
Non-clocked sequential cell  
The clock pin receive/crc/CRCCALC_reg[15]/C is not reached by a timing clock
Related violations: <none>

TIMING-17#8 Warning
Non-clocked sequential cell  
The clock pin receive/crc/CRCCALC_reg[16]/C is not reached by a timing clock
Related violations: <none>

TIMING-17#9 Warning
Non-clocked sequential cell  
The clock pin receive/crc/CRCCALC_reg[17]/C is not reached by a timing clock
Related violations: <none>

TIMING-17#10 Warning
Non-clocked sequential cell  
The clock pin receive/crc/CRCCALC_reg[18]/C is not reached by a timing clock
Related violations: <none>

TIMING-17#11 Warning
Non-clocked sequential cell  
The clock pin receive/crc/CRCCALC_reg[19]/C is not reached by a timing clock
Related violations: <none>

TIMING-17#12 Warning
Non-clocked sequential cell  
The clock pin receive/crc/CRCCALC_reg[1]/C is not reached by a timing clock
Related violations: <none>

TIMING-17#13 Warning
Non-clocked sequential cell  
The clock pin receive/crc/CRCCALC_reg[20]/C is not reached by a timing clock
Related violations: <none>

TIMING-17#14 Warning
Non-clocked sequential cell  
The clock pin receive/crc/CRCCALC_reg[21]/C is not reached by a timing clock
Related violations: <none>

TIMING-17#15 Warning
Non-clocked sequential cell  
The clock pin receive/crc/CRCCALC_reg[22]/C is not reached by a timing clock
Related violations: <none>

TIMING-17#16 Warning
Non-clocked sequential cell  
The clock pin receive/crc/CRCCALC_reg[23]/C is not reached by a timing clock
Related violations: <none>

TIMING-17#17 Warning
Non-clocked sequential cell  
The clock pin receive/crc/CRCCALC_reg[24]/C is not reached by a timing clock
Related violations: <none>

TIMING-17#18 Warning
Non-clocked sequential cell  
The clock pin receive/crc/CRCCALC_reg[25]/C is not reached by a timing clock
Related violations: <none>

TIMING-17#19 Warning
Non-clocked sequential cell  
The clock pin receive/crc/CRCCALC_reg[26]/C is not reached by a timing clock
Related violations: <none>

TIMING-17#20 Warning
Non-clocked sequential cell  
The clock pin receive/crc/CRCCALC_reg[27]/C is not reached by a timing clock
Related violations: <none>

TIMING-17#21 Warning
Non-clocked sequential cell  
The clock pin receive/crc/CRCCALC_reg[28]/C is not reached by a timing clock
Related violations: <none>

TIMING-17#22 Warning
Non-clocked sequential cell  
The clock pin receive/crc/CRCCALC_reg[29]/C is not reached by a timing clock
Related violations: <none>

TIMING-17#23 Warning
Non-clocked sequential cell  
The clock pin receive/crc/CRCCALC_reg[2]/C is not reached by a timing clock
Related violations: <none>

TIMING-17#24 Warning
Non-clocked sequential cell  
The clock pin receive/crc/CRCCALC_reg[30]/C is not reached by a timing clock
Related violations: <none>

TIMING-17#25 Warning
Non-clocked sequential cell  
The clock pin receive/crc/CRCCALC_reg[31]/C is not reached by a timing clock
Related violations: <none>

TIMING-17#26 Warning
Non-clocked sequential cell  
The clock pin receive/crc/CRCCALC_reg[3]/C is not reached by a timing clock
Related violations: <none>

TIMING-17#27 Warning
Non-clocked sequential cell  
The clock pin receive/crc/CRCCALC_reg[4]/C is not reached by a timing clock
Related violations: <none>

TIMING-17#28 Warning
Non-clocked sequential cell  
The clock pin receive/crc/CRCCALC_reg[5]/C is not reached by a timing clock
Related violations: <none>

TIMING-17#29 Warning
Non-clocked sequential cell  
The clock pin receive/crc/CRCCALC_reg[6]/C is not reached by a timing clock
Related violations: <none>

TIMING-17#30 Warning
Non-clocked sequential cell  
The clock pin receive/crc/CRCCALC_reg[7]/C is not reached by a timing clock
Related violations: <none>

TIMING-17#31 Warning
Non-clocked sequential cell  
The clock pin receive/crc/CRCCALC_reg[8]/C is not reached by a timing clock
Related violations: <none>

TIMING-17#32 Warning
Non-clocked sequential cell  
The clock pin receive/crc/CRCCALC_reg[9]/C is not reached by a timing clock
Related violations: <none>

TIMING-17#33 Warning
Non-clocked sequential cell  
The clock pin receive/ram_port/RAM_reg/CLKARDCLK is not reached by a timing clock
Related violations: <none>

TIMING-17#34 Warning
Non-clocked sequential cell  
The clock pin transmit/crc/CRCCALC_reg[0]/C is not reached by a timing clock
Related violations: <none>

TIMING-17#35 Warning
Non-clocked sequential cell  
The clock pin transmit/crc/CRCCALC_reg[10]/C is not reached by a timing clock
Related violations: <none>

TIMING-17#36 Warning
Non-clocked sequential cell  
The clock pin transmit/crc/CRCCALC_reg[11]/C is not reached by a timing clock
Related violations: <none>

TIMING-17#37 Warning
Non-clocked sequential cell  
The clock pin transmit/crc/CRCCALC_reg[12]/C is not reached by a timing clock
Related violations: <none>

TIMING-17#38 Warning
Non-clocked sequential cell  
The clock pin transmit/crc/CRCCALC_reg[13]/C is not reached by a timing clock
Related violations: <none>

TIMING-17#39 Warning
Non-clocked sequential cell  
The clock pin transmit/crc/CRCCALC_reg[14]/C is not reached by a timing clock
Related violations: <none>

TIMING-17#40 Warning
Non-clocked sequential cell  
The clock pin transmit/crc/CRCCALC_reg[15]/C is not reached by a timing clock
Related violations: <none>

TIMING-17#41 Warning
Non-clocked sequential cell  
The clock pin transmit/crc/CRCCALC_reg[16]/C is not reached by a timing clock
Related violations: <none>

TIMING-17#42 Warning
Non-clocked sequential cell  
The clock pin transmit/crc/CRCCALC_reg[17]/C is not reached by a timing clock
Related violations: <none>

TIMING-17#43 Warning
Non-clocked sequential cell  
The clock pin transmit/crc/CRCCALC_reg[18]/C is not reached by a timing clock
Related violations: <none>

TIMING-17#44 Warning
Non-clocked sequential cell  
The clock pin transmit/crc/CRCCALC_reg[19]/C is not reached by a timing clock
Related violations: <none>

TIMING-17#45 Warning
Non-clocked sequential cell  
The clock pin transmit/crc/CRCCALC_reg[1]/C is not reached by a timing clock
Related violations: <none>

TIMING-17#46 Warning
Non-clocked sequential cell  
The clock pin transmit/crc/CRCCALC_reg[20]/C is not reached by a timing clock
Related violations: <none>

TIMING-17#47 Warning
Non-clocked sequential cell  
The clock pin transmit/crc/CRCCALC_reg[21]/C is not reached by a timing clock
Related violations: <none>

TIMING-17#48 Warning
Non-clocked sequential cell  
The clock pin transmit/crc/CRCCALC_reg[22]/C is not reached by a timing clock
Related violations: <none>

TIMING-17#49 Warning
Non-clocked sequential cell  
The clock pin transmit/crc/CRCCALC_reg[23]/C is not reached by a timing clock
Related violations: <none>

TIMING-17#50 Warning
Non-clocked sequential cell  
The clock pin transmit/crc/CRCCALC_reg[24]/C is not reached by a timing clock
Related violations: <none>

TIMING-17#51 Warning
Non-clocked sequential cell  
The clock pin transmit/crc/CRCCALC_reg[25]/C is not reached by a timing clock
Related violations: <none>

TIMING-17#52 Warning
Non-clocked sequential cell  
The clock pin transmit/crc/CRCCALC_reg[26]/C is not reached by a timing clock
Related violations: <none>

TIMING-17#53 Warning
Non-clocked sequential cell  
The clock pin transmit/crc/CRCCALC_reg[27]/C is not reached by a timing clock
Related violations: <none>

TIMING-17#54 Warning
Non-clocked sequential cell  
The clock pin transmit/crc/CRCCALC_reg[28]/C is not reached by a timing clock
Related violations: <none>

TIMING-17#55 Warning
Non-clocked sequential cell  
The clock pin transmit/crc/CRCCALC_reg[29]/C is not reached by a timing clock
Related violations: <none>

TIMING-17#56 Warning
Non-clocked sequential cell  
The clock pin transmit/crc/CRCCALC_reg[2]/C is not reached by a timing clock
Related violations: <none>

TIMING-17#57 Warning
Non-clocked sequential cell  
The clock pin transmit/crc/CRCCALC_reg[30]/C is not reached by a timing clock
Related violations: <none>

TIMING-17#58 Warning
Non-clocked sequential cell  
The clock pin transmit/crc/CRCCALC_reg[31]/C is not reached by a timing clock
Related violations: <none>

TIMING-17#59 Warning
Non-clocked sequential cell  
The clock pin transmit/crc/CRCCALC_reg[3]/C is not reached by a timing clock
Related violations: <none>

TIMING-17#60 Warning
Non-clocked sequential cell  
The clock pin transmit/crc/CRCCALC_reg[4]/C is not reached by a timing clock
Related violations: <none>

TIMING-17#61 Warning
Non-clocked sequential cell  
The clock pin transmit/crc/CRCCALC_reg[5]/C is not reached by a timing clock
Related violations: <none>

TIMING-17#62 Warning
Non-clocked sequential cell  
The clock pin transmit/crc/CRCCALC_reg[6]/C is not reached by a timing clock
Related violations: <none>

TIMING-17#63 Warning
Non-clocked sequential cell  
The clock pin transmit/crc/CRCCALC_reg[7]/C is not reached by a timing clock
Related violations: <none>

TIMING-17#64 Warning
Non-clocked sequential cell  
The clock pin transmit/crc/CRCCALC_reg[8]/C is not reached by a timing clock
Related violations: <none>

TIMING-17#65 Warning
Non-clocked sequential cell  
The clock pin transmit/crc/CRCCALC_reg[9]/C is not reached by a timing clock
Related violations: <none>

TIMING-18#1 Warning
Missing input or output delay  
An input delay is missing on RDATAI[0] relative to clock(s) CLK10I
Related violations: <none>

TIMING-18#2 Warning
Missing input or output delay  
An input delay is missing on RDATAI[1] relative to clock(s) CLK10I
Related violations: <none>

TIMING-18#3 Warning
Missing input or output delay  
An input delay is missing on RDATAI[2] relative to clock(s) CLK10I
Related violations: <none>

TIMING-18#4 Warning
Missing input or output delay  
An input delay is missing on RDATAI[3] relative to clock(s) CLK10I
Related violations: <none>

TIMING-18#5 Warning
Missing input or output delay  
An input delay is missing on RDATAI[4] relative to clock(s) CLK10I
Related violations: <none>

TIMING-18#6 Warning
Missing input or output delay  
An input delay is missing on RDATAI[5] relative to clock(s) CLK10I
Related violations: <none>

TIMING-18#7 Warning
Missing input or output delay  
An input delay is missing on RDATAI[6] relative to clock(s) CLK10I
Related violations: <none>

TIMING-18#8 Warning
Missing input or output delay  
An input delay is missing on RDATAI[7] relative to clock(s) CLK10I
Related violations: <none>

TIMING-18#9 Warning
Missing input or output delay  
An input delay is missing on RENABP relative to clock(s) CLK10I
Related violations: <none>

TIMING-18#10 Warning
Missing input or output delay  
An input delay is missing on RESETN relative to clock(s) CLK10I
Related violations: <none>

TIMING-18#11 Warning
Missing input or output delay  
An input delay is missing on TABORTP relative to clock(s) CLK10I
Related violations: <none>

TIMING-18#12 Warning
Missing input or output delay  
An input delay is missing on TAVAILP relative to clock(s) CLK10I
Related violations: <none>

TIMING-18#13 Warning
Missing input or output delay  
An input delay is missing on TDATAI[0] relative to clock(s) CLK10I
Related violations: <none>

TIMING-18#14 Warning
Missing input or output delay  
An input delay is missing on TDATAI[1] relative to clock(s) CLK10I
Related violations: <none>

TIMING-18#15 Warning
Missing input or output delay  
An input delay is missing on TDATAI[2] relative to clock(s) CLK10I
Related violations: <none>

TIMING-18#16 Warning
Missing input or output delay  
An input delay is missing on TDATAI[3] relative to clock(s) CLK10I
Related violations: <none>

TIMING-18#17 Warning
Missing input or output delay  
An input delay is missing on TDATAI[4] relative to clock(s) CLK10I
Related violations: <none>

TIMING-18#18 Warning
Missing input or output delay  
An input delay is missing on TDATAI[5] relative to clock(s) CLK10I
Related violations: <none>

TIMING-18#19 Warning
Missing input or output delay  
An input delay is missing on TDATAI[6] relative to clock(s) CLK10I
Related violations: <none>

TIMING-18#20 Warning
Missing input or output delay  
An input delay is missing on TDATAI[7] relative to clock(s) CLK10I
Related violations: <none>

TIMING-18#21 Warning
Missing input or output delay  
An input delay is missing on TLASTP relative to clock(s) CLK10I
Related violations: <none>

TIMING-18#22 Warning
Missing input or output delay  
An output delay is missing on RBYTEP relative to clock(s) CLK10I
Related violations: <none>

TIMING-18#23 Warning
Missing input or output delay  
An output delay is missing on RCLEANP relative to clock(s) CLK10I
Related violations: <none>

TIMING-18#24 Warning
Missing input or output delay  
An output delay is missing on RCVNGP relative to clock(s) CLK10I
Related violations: <none>

TIMING-18#25 Warning
Missing input or output delay  
An output delay is missing on RDATAO[0] relative to clock(s) CLK10I
Related violations: <none>

TIMING-18#26 Warning
Missing input or output delay  
An output delay is missing on RDATAO[1] relative to clock(s) CLK10I
Related violations: <none>

TIMING-18#27 Warning
Missing input or output delay  
An output delay is missing on RDATAO[2] relative to clock(s) CLK10I
Related violations: <none>

TIMING-18#28 Warning
Missing input or output delay  
An output delay is missing on RDATAO[3] relative to clock(s) CLK10I
Related violations: <none>

TIMING-18#29 Warning
Missing input or output delay  
An output delay is missing on RDATAO[4] relative to clock(s) CLK10I
Related violations: <none>

TIMING-18#30 Warning
Missing input or output delay  
An output delay is missing on RDATAO[5] relative to clock(s) CLK10I
Related violations: <none>

TIMING-18#31 Warning
Missing input or output delay  
An output delay is missing on RDATAO[6] relative to clock(s) CLK10I
Related violations: <none>

TIMING-18#32 Warning
Missing input or output delay  
An output delay is missing on RDATAO[7] relative to clock(s) CLK10I
Related violations: <none>

TIMING-18#33 Warning
Missing input or output delay  
An output delay is missing on RDONEP relative to clock(s) CLK10I
Related violations: <none>

TIMING-18#34 Warning
Missing input or output delay  
An output delay is missing on RSFCSEP relative to clock(s) CLK10I
Related violations: <none>

TIMING-18#35 Warning
Missing input or output delay  
An output delay is missing on RSMATIP relative to clock(s) CLK10I
Related violations: <none>

TIMING-18#36 Warning
Missing input or output delay  
An output delay is missing on RSTARTP relative to clock(s) CLK10I
Related violations: <none>

TIMING-18#37 Warning
Missing input or output delay  
An output delay is missing on TDATAO[0] relative to clock(s) CLK10I
Related violations: <none>

TIMING-18#38 Warning
Missing input or output delay  
An output delay is missing on TDATAO[1] relative to clock(s) CLK10I
Related violations: <none>

TIMING-18#39 Warning
Missing input or output delay  
An output delay is missing on TDATAO[2] relative to clock(s) CLK10I
Related violations: <none>

TIMING-18#40 Warning
Missing input or output delay  
An output delay is missing on TDATAO[3] relative to clock(s) CLK10I
Related violations: <none>

TIMING-18#41 Warning
Missing input or output delay  
An output delay is missing on TDATAO[4] relative to clock(s) CLK10I
Related violations: <none>

TIMING-18#42 Warning
Missing input or output delay  
An output delay is missing on TDATAO[5] relative to clock(s) CLK10I
Related violations: <none>

TIMING-18#43 Warning
Missing input or output delay  
An output delay is missing on TDATAO[6] relative to clock(s) CLK10I
Related violations: <none>

TIMING-18#44 Warning
Missing input or output delay  
An output delay is missing on TDATAO[7] relative to clock(s) CLK10I
Related violations: <none>

TIMING-18#45 Warning
Missing input or output delay  
An output delay is missing on TDONEP relative to clock(s) CLK10I
Related violations: <none>

TIMING-18#46 Warning
Missing input or output delay  
An output delay is missing on TREADDP relative to clock(s) CLK10I
Related violations: <none>

TIMING-18#47 Warning
Missing input or output delay  
An output delay is missing on TRNSMTP relative to clock(s) CLK10I
Related violations: <none>

TIMING-18#48 Warning
Missing input or output delay  
An output delay is missing on TSTARTP relative to clock(s) CLK10I
Related violations: <none>


